\BOOKMARK [0][-]{chapter.1}{Introduction}{}
\BOOKMARK [0][-]{chapter.2}{Prior and Related Work}{}
\BOOKMARK [1][-]{section.2.1}{Introduction}{chapter.2}
\BOOKMARK [1][-]{section.2.2}{Author Detection}{chapter.2}
\BOOKMARK [1][-]{section.2.3}{Machine Learning}{chapter.2}
\BOOKMARK [1][-]{section.2.4}{Features}{chapter.2}
\BOOKMARK [1][-]{section.2.5}{Evaluation Criteria}{chapter.2}
\BOOKMARK [1][-]{section.2.6}{Mobile Device Platforms}{chapter.2}
\BOOKMARK [1][-]{section.2.7}{Corpora}{chapter.2}
\BOOKMARK [1][-]{section.2.8}{Recent Work in Author Detection, Google Web1T, and Mobile Devices}{chapter.2}
\BOOKMARK [1][-]{section.2.9}{Conclusion}{chapter.2}
\BOOKMARK [0][-]{chapter.3}{Experimental Design}{}
\BOOKMARK [1][-]{section.3.1}{Experimental Design Overview}{chapter.3}
\BOOKMARK [1][-]{section.3.2}{Phase One: Parameter Evaluation}{chapter.3}
\BOOKMARK [1][-]{section.3.3}{Phase Two: Android Implementation}{chapter.3}
\BOOKMARK [1][-]{section.3.4}{Corpora}{chapter.3}
\BOOKMARK [1][-]{section.3.5}{Intended Comparison}{chapter.3}
\BOOKMARK [0][-]{chapter.4}{Results and Analysis}{}
\BOOKMARK [0][-]{chapter.5}{Conclusions and Future Work}{}
\BOOKMARK [0][-]{chapter*.104}{List of References}{}
\BOOKMARK [0][-]{chapter*.104}{Appendices}{}
\BOOKMARK [0][-]{chapter*.104}{Initial Distribution List}{}
