This is pdfTeX, Version 3.1415926-1.40.10 (TeX Live 2009/Debian) (format=pdflatex 2010.8.26)  16 MAR 2011 09:05
entering extended mode
 restricted \write18 enabled.
 %&-line parsing enabled.
**thesis.tex
(./thesis.tex
LaTeX2e <2009/09/24>
Babel <v3.8l> and hyphenation patterns for english, usenglishmax, dumylang, noh
yphenation, loaded.
(./npsreport.cls
Document Class: npsreport 2008/10/01
(/usr/share/texmf-texlive/tex/latex/base/report.cls
Document Class: report 2007/10/19 v1.4h Standard LaTeX document class
(/usr/share/texmf-texlive/tex/latex/base/size12.clo
File: size12.clo 2007/10/19 v1.4h Standard LaTeX file (size option)
)
\c@part=\count79
\c@chapter=\count80
\c@section=\count81
\c@subsection=\count82
\c@subsubsection=\count83
\c@paragraph=\count84
\c@subparagraph=\count85
\c@figure=\count86
\c@table=\count87
\abovecaptionskip=\skip41
\belowcaptionskip=\skip42
\bibindent=\dimen102
)
(/usr/share/texmf-texlive/tex/latex/geometry/geometry.sty
Package: geometry 2008/12/21 v4.2 Page Geometry

(/usr/share/texmf-texlive/tex/latex/graphics/keyval.sty
Package: keyval 1999/03/16 v1.13 key=value parser (DPC)
\KV@toks@=\toks14
)
(/usr/share/texmf-texlive/tex/generic/oberdiek/ifpdf.sty
Package: ifpdf 2009/04/10 v2.0 Provides the ifpdf switch (HO)
Package ifpdf Info: pdfTeX in pdf mode detected.
)
(/usr/share/texmf-texlive/tex/generic/oberdiek/ifvtex.sty
Package: ifvtex 2008/11/04 v1.4 Switches for detecting VTeX and its modes (HO)
Package ifvtex Info: VTeX not detected.
)
\Gm@cnth=\count88
\Gm@cntv=\count89
\c@Gm@tempcnt=\count90
\Gm@bindingoffset=\dimen103
\Gm@wd@mp=\dimen104
\Gm@odd@mp=\dimen105
\Gm@even@mp=\dimen106
\Gm@dimlist=\toks15
)
(/usr/share/texmf-texlive/tex/latex/graphics/graphicx.sty
Package: graphicx 1999/02/16 v1.0f Enhanced LaTeX Graphics (DPC,SPQR)

(/usr/share/texmf-texlive/tex/latex/graphics/graphics.sty
Package: graphics 2009/02/05 v1.0o Standard LaTeX Graphics (DPC,SPQR)

(/usr/share/texmf-texlive/tex/latex/graphics/trig.sty
Package: trig 1999/03/16 v1.09 sin cos tan (DPC)
)
(/etc/texmf/tex/latex/config/graphics.cfg
File: graphics.cfg 2009/08/28 v1.8 graphics configuration of TeX Live
)
Package graphics Info: Driver file: pdftex.def on input line 91.

(/usr/share/texmf-texlive/tex/latex/pdftex-def/pdftex.def
File: pdftex.def 2009/08/25 v0.04m Graphics/color for pdfTeX
\Gread@gobject=\count91
))
\Gin@req@height=\dimen107
\Gin@req@width=\dimen108
)
(/usr/share/texmf-texlive/tex/latex/psnfss/times.sty
Package: times 2005/04/12 PSNFSS-v9.2a (SPQR) 
)
(/usr/share/texmf-texlive/tex/latex/tools/tabularx.sty
Package: tabularx 1999/01/07 v2.07 `tabularx' package (DPC)

(/usr/share/texmf-texlive/tex/latex/tools/array.sty
Package: array 2008/09/09 v2.4c Tabular extension package (FMi)
\col@sep=\dimen109
\extrarowheight=\dimen110
\NC@list=\toks16
\extratabsurround=\skip43
\backup@length=\skip44
)
\TX@col@width=\dimen111
\TX@old@table=\dimen112
\TX@old@col=\dimen113
\TX@target=\dimen114
\TX@delta=\dimen115
\TX@cols=\count92
\TX@ftn=\toks17
) (./titletoc.sty
Package: titletoc 2005/01/22 v1.5 TOC entries
)
(./titlesec.sty
Package: titlesec 2005/01/22 v2.6 Sectioning titles
\ttl@box=\box26
\beforetitleunit=\skip45
\aftertitleunit=\skip46
\ttl@plus=\dimen116
\ttl@minus=\dimen117
\titlewidth=\dimen118
\titlewidthlast=\dimen119
\titlewidthfirst=\dimen120
) (/usr/share/texmf-texlive/tex/latex/fancyhdr/fancyhdr.sty
\fancy@headwidth=\skip47
\f@ncyO@elh=\skip48
\f@ncyO@erh=\skip49
\f@ncyO@olh=\skip50
\f@ncyO@orh=\skip51
\f@ncyO@elf=\skip52
\f@ncyO@erf=\skip53
\f@ncyO@olf=\skip54
\f@ncyO@orf=\skip55
)
(./ccaption.sty
Package: ccaption 2002/10/18 v3.1b Extended captioning and new floats
\@contcwidth=\skip56
\@contindw=\skip57
\abovelegendskip=\skip58
\belowlegendskip=\skip59
\c@newflo@tctr=\count93
) (/usr/share/texmf-texlive/tex/latex/setspace/setspace.sty
Package: setspace 2000/12/01 6.7 Contributed and Supported LaTeX2e package

Package: `setspace' 6.7 <2000/12/01>
) (/usr/share/texmf-texlive/tex/latex/tools/multicol.sty
Package: multicol 2008/12/05 v1.6h multicolumn formatting (FMi)
\c@tracingmulticols=\count94
\mult@box=\box27
\multicol@leftmargin=\dimen121
\c@unbalance=\count95
\c@collectmore=\count96
\doublecol@number=\count97
\multicoltolerance=\count98
\multicolpretolerance=\count99
\full@width=\dimen122
\page@free=\dimen123
\premulticols=\dimen124
\postmulticols=\dimen125
\multicolsep=\skip60
\multicolbaselineskip=\skip61
\partial@page=\box28
\last@line=\box29
\mult@rightbox=\box30
\mult@grightbox=\box31
\mult@gfirstbox=\box32
\mult@firstbox=\box33
\@tempa=\box34
\@tempa=\box35
\@tempa=\box36
\@tempa=\box37
\@tempa=\box38
\@tempa=\box39
\@tempa=\box40
\@tempa=\box41
\@tempa=\box42
\@tempa=\box43
\@tempa=\box44
\@tempa=\box45
\@tempa=\box46
\@tempa=\box47
\@tempa=\box48
\@tempa=\box49
\@tempa=\box50
\c@columnbadness=\count100
\c@finalcolumnbadness=\count101
\last@try=\dimen126
\multicolovershoot=\dimen127
\multicolundershoot=\dimen128
\mult@nat@firstbox=\box51
\colbreak@box=\box52
)
(/usr/share/texmf-texlive/tex/latex/fancyvrb/fancyvrb.sty
Package: fancyvrb 2008/02/07

Style option: `fancyvrb' v2.7a, with DG/SPQR fixes, and firstline=lastline fix 
<2008/02/07> (tvz)
\FV@CodeLineNo=\count102
\FV@InFile=\read1
\FV@TabBox=\box53
\c@FancyVerbLine=\count103
\FV@StepNumber=\count104
\FV@OutFile=\write3
) (/usr/share/texmf-texlive/tex/latex/tools/varioref.sty
Package: varioref 2009/09/13 v1.4w package for extended references (FMi)
\c@vrcnt=\count105
)
(/usr/share/texmf-texlive/tex/latex/tools/xspace.sty
Package: xspace 2006/05/08 v1.12 Space after command names (DPC,MH)
) (./nps_sf298.sty
Package: nps_sf298 2004/12/22 Standard Form 298

Package: sf298 2004/12/22 v1.2 - Modified for NPS)
(/usr/share/texmf-texlive/tex/latex/totpages/totpages.sty
Package: totpages 2005/09/19 v2.00 Totpages Package (muewi)

(/usr/share/texmf-texlive/tex/latex/ms/everyshi.sty
Package: everyshi 2001/05/15 v3.00 EveryShipout Package (MS)
))
\c@sf@page=\count106
LaTeX Font Info:    Try loading font information for OT1+phv on input line 123.


(/usr/share/texmf-texlive/tex/latex/psnfss/ot1phv.fd
File: ot1phv.fd 2001/06/04 scalable font definitions for OT1/phv.
)
LaTeX Font Info:    Font shape `OT1/phv/bx/n' in size <14.4> not available
(Font)              Font shape `OT1/phv/b/n' tried instead on input line 123.
LaTeX Font Info:    Font shape `OT1/phv/bx/n' in size <6> not available
(Font)              Font shape `OT1/phv/b/n' tried instead on input line 129.
LaTeX Font Info:    Font shape `OT1/phv/bx/n' in size <8> not available
(Font)              Font shape `OT1/phv/b/n' tried instead on input line 131.
LaTeX Font Info:    Try loading font information for OT1+ptm on input line 135.


(/usr/share/texmf-texlive/tex/latex/psnfss/ot1ptm.fd
File: ot1ptm.fd 2001/06/04 font definitions for OT1/ptm.
))
(/usr/share/texmf-texlive/tex/latex/base/latexsym.sty
Package: latexsym 1998/08/17 v2.2e Standard LaTeX package (lasy symbols)
\symlasy=\mathgroup4
LaTeX Font Info:    Overwriting symbol font `lasy' in version `bold'
(Font)                  U/lasy/m/n --> U/lasy/b/n on input line 47.
)
(/usr/share/texmf-texlive/tex/latex/multirow/multirow.sty
\bigstrutjot=\dimen129
)
(/usr/share/texmf-texlive/tex/latex/psnfss/pifont.sty
Package: pifont 2005/04/12 PSNFSS-v9.2a Pi font support (SPQR) 
LaTeX Font Info:    Try loading font information for U+pzd on input line 63.

(/usr/share/texmf-texlive/tex/latex/psnfss/upzd.fd
File: upzd.fd 2001/06/04 font definitions for U/pzd.
)
LaTeX Font Info:    Try loading font information for U+psy on input line 64.

(/usr/share/texmf-texlive/tex/latex/psnfss/upsy.fd
File: upsy.fd 2001/06/04 font definitions for U/psy.
))
(/usr/share/texmf-texlive/tex/latex/carlisle/remreset.sty)
(/usr/share/texmf-texlive/tex/latex/graphics/color.sty
Package: color 2005/11/14 v1.0j Standard LaTeX Color (DPC)

(/etc/texmf/tex/latex/config/color.cfg
File: color.cfg 2007/01/18 v1.5 color configuration of teTeX/TeXLive
)
Package color Info: Driver file: pdftex.def on input line 130.
)
(/usr/share/texmf/tex/latex/xcolor/xcolor.sty
Package: xcolor 2007/01/21 v2.11 LaTeX color extensions (UK)

(/etc/texmf/tex/latex/config/color.cfg
File: color.cfg 2007/01/18 v1.5 color configuration of teTeX/TeXLive
)
Package xcolor Info: Driver file: pdftex.def on input line 225.
LaTeX Info: Redefining \color on input line 702.
Package xcolor Info: Model `cmy' substituted by `cmy0' on input line 1337.
Package xcolor Info: Model `hsb' substituted by `rgb' on input line 1341.
Package xcolor Info: Model `RGB' extended on input line 1353.
Package xcolor Info: Model `HTML' substituted by `rgb' on input line 1355.
Package xcolor Info: Model `Hsb' substituted by `hsb' on input line 1356.
Package xcolor Info: Model `tHsb' substituted by `hsb' on input line 1357.
Package xcolor Info: Model `HSB' substituted by `hsb' on input line 1358.
Package xcolor Info: Model `Gray' substituted by `gray' on input line 1359.
Package xcolor Info: Model `wave' substituted by `hsb' on input line 1360.
) (./url.sty
\Urlmuskip=\muskip10
Package: url 2006/04/12  ver 3.3  Verb mode for urls, etc.
)
(/usr/share/texmf-texlive/tex/latex/paralist/paralist.sty
Package: paralist 2002/03/18 v2.3b Extended list environments (BS)
\pltopsep=\skip62
\plpartopsep=\skip63
\plitemsep=\skip64
\plparsep=\skip65
\pl@lab=\toks18
) (./authorindex.sty
Package: authorindex 2002/09/13 make index of authors cited in a work
)
(/usr/share/texmf-texlive/tex/latex/tocloft/tocloft.sty
Package: tocloft 2009/09/04 v2.3d parameterised ToC, etc., typesetting


Package tocloft Note: The document has chapter divisions.

\cftparskip=\skip66
\cftbeforetoctitleskip=\skip67
\cftaftertoctitleskip=\skip68
\cftbeforepartskip=\skip69
\cftpartnumwidth=\skip70
\cftpartindent=\skip71
\cftbeforechapskip=\skip72
\cftchapindent=\skip73
\cftchapnumwidth=\skip74
\cftbeforesecskip=\skip75
\cftsecindent=\skip76
\cftsecnumwidth=\skip77
\cftbeforesubsecskip=\skip78
\cftsubsecindent=\skip79
\cftsubsecnumwidth=\skip80
\cftbeforesubsubsecskip=\skip81
\cftsubsubsecindent=\skip82
\cftsubsubsecnumwidth=\skip83
\cftbeforeparaskip=\skip84
\cftparaindent=\skip85
\cftparanumwidth=\skip86
\cftbeforesubparaskip=\skip87
\cftsubparaindent=\skip88
\cftsubparanumwidth=\skip89
\cftbeforeloftitleskip=\skip90
\cftafterloftitleskip=\skip91
\cftbeforefigskip=\skip92
\cftfigindent=\skip93
\cftfignumwidth=\skip94
\c@lofdepth=\count107
\c@lotdepth=\count108
\cftbeforelottitleskip=\skip95
\cftafterlottitleskip=\skip96
\cftbeforetabskip=\skip97
\cfttabindent=\skip98
\cfttabnumwidth=\skip99
)
\figurelen=\skip100
\tablelen=\skip101

Using new NPS thesis design
) (/usr/share/texmf-texlive/tex/latex/amsmath/amstext.sty
Package: amstext 2000/06/29 v2.01

(/usr/share/texmf-texlive/tex/latex/amsmath/amsgen.sty
File: amsgen.sty 1999/11/30 v2.0
\@emptytoks=\toks19
\ex@=\dimen130
))
(/usr/share/texmf-texlive/tex/latex/amsmath/amsmath.sty
Package: amsmath 2000/07/18 v2.13 AMS math features
\@mathmargin=\skip102

For additional information on amsmath, use the `?' option.
(/usr/share/texmf-texlive/tex/latex/amsmath/amsbsy.sty
Package: amsbsy 1999/11/29 v1.2d
\pmbraise@=\dimen131
)
(/usr/share/texmf-texlive/tex/latex/amsmath/amsopn.sty
Package: amsopn 1999/12/14 v2.01 operator names
)
\inf@bad=\count109
LaTeX Info: Redefining \frac on input line 211.
\uproot@=\count110
\leftroot@=\count111
LaTeX Info: Redefining \overline on input line 307.
\classnum@=\count112
\DOTSCASE@=\count113
LaTeX Info: Redefining \ldots on input line 379.
LaTeX Info: Redefining \dots on input line 382.
LaTeX Info: Redefining \cdots on input line 467.
\Mathstrutbox@=\box54
\strutbox@=\box55
\big@size=\dimen132
LaTeX Font Info:    Redeclaring font encoding OML on input line 567.
LaTeX Font Info:    Redeclaring font encoding OMS on input line 568.
\macc@depth=\count114
\c@MaxMatrixCols=\count115
\dotsspace@=\muskip11
\c@parentequation=\count116
\dspbrk@lvl=\count117
\tag@help=\toks20
\row@=\count118
\column@=\count119
\maxfields@=\count120
\andhelp@=\toks21
\eqnshift@=\dimen133
\alignsep@=\dimen134
\tagshift@=\dimen135
\tagwidth@=\dimen136
\totwidth@=\dimen137
\lineht@=\dimen138
\@envbody=\toks22
\multlinegap=\skip103
\multlinetaggap=\skip104
\mathdisplay@stack=\toks23
LaTeX Info: Redefining \[ on input line 2666.
LaTeX Info: Redefining \] on input line 2667.
)
(/usr/share/texmf-texlive/tex/latex/rotating/rotating.sty
Package: rotating 2009/03/28 v2.16a rotated objects in LaTeX

(/usr/share/texmf-texlive/tex/latex/base/ifthen.sty
Package: ifthen 2001/05/26 v1.1c Standard LaTeX ifthen package (DPC)
)
\c@r@tfl@t=\count121
\rotFPtop=\skip105
\rotFPbot=\skip106
\rot@float@box=\box56
\rot@mess@toks=\toks24
)
(/usr/share/texmf-texlive/tex/latex/etex-pkg/etex.sty
Package: etex 1998/03/26 v2.0 eTeX basic definition package (PEB)
\et@xins=\count122
)
(/usr/share/texmf-texlive/tex/latex/morefloats/morefloats.sty
\bx@S=\insert233
\bx@T=\insert232
\bx@U=\insert231
\bx@V=\insert230
\bx@W=\insert229
\bx@X=\insert228
\bx@Y=\insert227
\bx@Z=\insert226
\bx@AA=\insert225
\bx@BB=\insert224
\bx@CC=\insert223
\bx@DD=\insert222
\bx@EE=\insert221
\bx@FF=\insert220
\bx@GG=\insert219
\bx@HH=\insert218
\bx@II=\insert217
\bx@JJ=\insert216
) (./thesis.aux
(./chapter1.aux) (./chapter2.aux) (./chapter3.aux) (./chapter4.aux)
(./chapter5.aux) (./appendixA.aux) (./appendixB.aux) (./appendixC.aux)
(./appendixD.aux) (./appendixE.aux) (./appendixF.aux) (./appendixG.aux)
(./appendixH.aux) (./appendixI.aux

LaTeX Warning: Label `table:liblinear-enron-GM1-ALL-ALL-5' multiply defined.


LaTeX Warning: Label `table:liblinear-enron-GM1-ALL-ALL-10' multiply defined.


LaTeX Warning: Label `table:liblinear-enron-GM1-ALL-ALL-25' multiply defined.


LaTeX Warning: Label `table:liblinear-enron-GM1-ALL-ALL-50' multiply defined.


LaTeX Warning: Label `table:liblinear-enron-GM1-ALL-ALL-75' multiply defined.


LaTeX Warning: Label `table:liblinear-enron-GM1-ALL-ALL-150' multiply defined.


LaTeX Warning: Label `table:liblinear-enron-GM2-ALL-ALL-5' multiply defined.


LaTeX Warning: Label `table:liblinear-enron-GM2-ALL-ALL-10' multiply defined.


LaTeX Warning: Label `table:liblinear-enron-GM2-ALL-ALL-25' multiply defined.


LaTeX Warning: Label `table:liblinear-enron-GM2-ALL-ALL-50' multiply defined.


LaTeX Warning: Label `table:liblinear-enron-GM2-ALL-ALL-75' multiply defined.


LaTeX Warning: Label `table:liblinear-enron-GM2-ALL-ALL-150' multiply defined.


LaTeX Warning: Label `table:liblinear-enron-GM5-ALL-ALL-5' multiply defined.


LaTeX Warning: Label `table:liblinear-enron-GM5-ALL-ALL-10' multiply defined.


LaTeX Warning: Label `table:liblinear-enron-GM5-ALL-ALL-25' multiply defined.


LaTeX Warning: Label `table:liblinear-enron-GM5-ALL-ALL-50' multiply defined.


LaTeX Warning: Label `table:liblinear-enron-GM5-ALL-ALL-75' multiply defined.


LaTeX Warning: Label `table:liblinear-enron-GB3-ALL-ALL-5' multiply defined.


LaTeX Warning: Label `table:liblinear-enron-GB3-ALL-ALL-10' multiply defined.


LaTeX Warning: Label `table:liblinear-enron-GB3-ALL-ALL-25' multiply defined.


LaTeX Warning: Label `table:liblinear-enron-GB3-ALL-ALL-50' multiply defined.


LaTeX Warning: Label `table:liblinear-enron-GB3-ALL-ALL-75' multiply defined.


LaTeX Warning: Label `table:liblinear-enron-OSB3-ALL-ALL-5' multiply defined.


LaTeX Warning: Label `table:liblinear-enron-OSB3-ALL-ALL-10' multiply defined.


LaTeX Warning: Label `table:liblinear-enron-OSB3-ALL-ALL-25' multiply defined.


LaTeX Warning: Label `table:liblinear-enron-OSB3-ALL-ALL-50' multiply defined.


LaTeX Warning: Label `table:liblinear-enron-OSB3-ALL-ALL-75' multiply defined.

) (./appendixJ.aux

LaTeX Warning: Label `table:liblinear-twitter-GM1-ALL-ALL-5' multiply defined.


LaTeX Warning: Label `table:liblinear-twitter-GM1-ALL-ALL-10' multiply defined.



LaTeX Warning: Label `table:liblinear-twitter-GM1-ALL-ALL-25' multiply defined.



LaTeX Warning: Label `table:liblinear-twitter-GM1-ALL-ALL-50' multiply defined.



LaTeX Warning: Label `table:liblinear-twitter-GM1-ALL-ALL-75' multiply defined.



LaTeX Warning: Label `table:liblinear-twitter-GM1-ALL-ALL-150' multiply defined
.


LaTeX Warning: Label `table:liblinear-twitter-GM2-ALL-ALL-5' multiply defined.


LaTeX Warning: Label `table:liblinear-twitter-GM2-ALL-ALL-10' multiply defined.



LaTeX Warning: Label `table:liblinear-twitter-GM2-ALL-ALL-25' multiply defined.



LaTeX Warning: Label `table:liblinear-twitter-GM2-ALL-ALL-50' multiply defined.



LaTeX Warning: Label `table:liblinear-twitter-GM2-ALL-ALL-75' multiply defined.



LaTeX Warning: Label `table:liblinear-twitter-GM2-ALL-ALL-150' multiply defined
.


LaTeX Warning: Label `table:liblinear-twitter-GM5-ALL-ALL-5' multiply defined.


LaTeX Warning: Label `table:liblinear-twitter-GM5-ALL-ALL-10' multiply defined.



LaTeX Warning: Label `table:liblinear-twitter-GM5-ALL-ALL-25' multiply defined.



LaTeX Warning: Label `table:liblinear-twitter-GM5-ALL-ALL-50' multiply defined.



LaTeX Warning: Label `table:liblinear-twitter-GM5-ALL-ALL-75' multiply defined.



LaTeX Warning: Label `table:liblinear-twitter-GM5-ALL-ALL-150' multiply defined
.


LaTeX Warning: Label `table:liblinear-twitter-GB3-ALL-ALL-5' multiply defined.


LaTeX Warning: Label `table:liblinear-twitter-GB3-ALL-ALL-10' multiply defined.



LaTeX Warning: Label `table:liblinear-twitter-GB3-ALL-ALL-25' multiply defined.



LaTeX Warning: Label `table:liblinear-twitter-GB3-ALL-ALL-50' multiply defined.



LaTeX Warning: Label `table:liblinear-twitter-GB3-ALL-ALL-75' multiply defined.



LaTeX Warning: Label `table:liblinear-twitter-GB3-ALL-ALL-150' multiply defined
.


LaTeX Warning: Label `table:liblinear-twitter-OSB3-ALL-ALL-5' multiply defined.



LaTeX Warning: Label `table:liblinear-twitter-OSB3-ALL-ALL-10' multiply defined
.


LaTeX Warning: Label `table:liblinear-twitter-OSB3-ALL-ALL-25' multiply defined
.


LaTeX Warning: Label `table:liblinear-twitter-OSB3-ALL-ALL-50' multiply defined
.


LaTeX Warning: Label `table:liblinear-twitter-OSB3-ALL-ALL-75' multiply defined
.


LaTeX Warning: Label `table:liblinear-twitter-OSB3-ALL-ALL-150' multiply define
d.

) (./appendixK.aux

LaTeX Warning: Label `table:nb-enron-GM1-ALL-ALL-5' multiply defined.


LaTeX Warning: Label `table:nb-enron-GM1-ALL-ALL-10' multiply defined.


LaTeX Warning: Label `table:nb-enron-GM1-ALL-ALL-25' multiply defined.


LaTeX Warning: Label `table:nb-enron-GM1-ALL-ALL-50' multiply defined.


LaTeX Warning: Label `table:nb-enron-GM1-ALL-ALL-75' multiply defined.


LaTeX Warning: Label `table:nb-enron-GM1-ALL-ALL-150' multiply defined.


LaTeX Warning: Label `table:nb-enron-GM2-ALL-ALL-5' multiply defined.


LaTeX Warning: Label `table:nb-enron-GM2-ALL-ALL-10' multiply defined.


LaTeX Warning: Label `table:nb-enron-GM2-ALL-ALL-25' multiply defined.


LaTeX Warning: Label `table:nb-enron-GM2-ALL-ALL-50' multiply defined.


LaTeX Warning: Label `table:nb-enron-GM2-ALL-ALL-75' multiply defined.


LaTeX Warning: Label `table:nb-enron-GM2-ALL-ALL-150' multiply defined.


LaTeX Warning: Label `table:nb-enron-GM5-ALL-ALL-5' multiply defined.


LaTeX Warning: Label `table:nb-enron-GM5-ALL-ALL-10' multiply defined.


LaTeX Warning: Label `table:nb-enron-GM5-ALL-ALL-25' multiply defined.


LaTeX Warning: Label `table:nb-enron-GM5-ALL-ALL-50' multiply defined.


LaTeX Warning: Label `table:nb-enron-GM5-ALL-ALL-75' multiply defined.


LaTeX Warning: Label `table:nb-enron-GM5-ALL-ALL-150' multiply defined.


LaTeX Warning: Label `table:nb-enron-GB3-ALL-ALL-5' multiply defined.


LaTeX Warning: Label `table:nb-enron-GB3-ALL-ALL-10' multiply defined.


LaTeX Warning: Label `table:nb-enron-GB3-ALL-ALL-25' multiply defined.


LaTeX Warning: Label `table:nb-enron-GB3-ALL-ALL-50' multiply defined.


LaTeX Warning: Label `table:nb-enron-GB3-ALL-ALL-75' multiply defined.


LaTeX Warning: Label `table:nb-enron-GB3-ALL-ALL-150' multiply defined.


LaTeX Warning: Label `table:nb-enron-OSB3-ALL-ALL-5' multiply defined.


LaTeX Warning: Label `table:nb-enron-OSB3-ALL-ALL-10' multiply defined.


LaTeX Warning: Label `table:nb-enron-OSB3-ALL-ALL-25' multiply defined.


LaTeX Warning: Label `table:nb-enron-OSB3-ALL-ALL-50' multiply defined.


LaTeX Warning: Label `table:nb-enron-OSB3-ALL-ALL-75' multiply defined.


LaTeX Warning: Label `table:nb-enron-OSB3-ALL-ALL-150' multiply defined.

) (./appendixL.aux

LaTeX Warning: Label `table:nb-twitter-GM1-ALL-ALL-5' multiply defined.


LaTeX Warning: Label `table:nb-twitter-GM1-ALL-ALL-10' multiply defined.


LaTeX Warning: Label `table:nb-twitter-GM1-ALL-ALL-25' multiply defined.


LaTeX Warning: Label `table:nb-twitter-GM1-ALL-ALL-50' multiply defined.


LaTeX Warning: Label `table:nb-twitter-GM1-ALL-ALL-75' multiply defined.


LaTeX Warning: Label `table:nb-twitter-GM1-ALL-ALL-150' multiply defined.


LaTeX Warning: Label `table:nb-twitter-GM2-ALL-ALL-5' multiply defined.


LaTeX Warning: Label `table:nb-twitter-GM2-ALL-ALL-10' multiply defined.


LaTeX Warning: Label `table:nb-twitter-GM2-ALL-ALL-25' multiply defined.


LaTeX Warning: Label `table:nb-twitter-GM2-ALL-ALL-50' multiply defined.


LaTeX Warning: Label `table:nb-twitter-GM2-ALL-ALL-75' multiply defined.


LaTeX Warning: Label `table:nb-twitter-GM2-ALL-ALL-150' multiply defined.


LaTeX Warning: Label `table:nb-twitter-GM5-ALL-ALL-5' multiply defined.


LaTeX Warning: Label `table:nb-twitter-GM5-ALL-ALL-10' multiply defined.


LaTeX Warning: Label `table:nb-twitter-GM5-ALL-ALL-25' multiply defined.


LaTeX Warning: Label `table:nb-twitter-GM5-ALL-ALL-50' multiply defined.


LaTeX Warning: Label `table:nb-twitter-GM5-ALL-ALL-75' multiply defined.


LaTeX Warning: Label `table:nb-twitter-GM5-ALL-ALL-150' multiply defined.


LaTeX Warning: Label `table:nb-twitter-GB3-ALL-ALL-5' multiply defined.


LaTeX Warning: Label `table:nb-twitter-GB3-ALL-ALL-10' multiply defined.


LaTeX Warning: Label `table:nb-twitter-GB3-ALL-ALL-25' multiply defined.


LaTeX Warning: Label `table:nb-twitter-GB3-ALL-ALL-50' multiply defined.


LaTeX Warning: Label `table:nb-twitter-GB3-ALL-ALL-75' multiply defined.


LaTeX Warning: Label `table:nb-twitter-GB3-ALL-ALL-150' multiply defined.


LaTeX Warning: Label `table:nb-twitter-OSB3-ALL-ALL-5' multiply defined.


LaTeX Warning: Label `table:nb-twitter-OSB3-ALL-ALL-10' multiply defined.


LaTeX Warning: Label `table:nb-twitter-OSB3-ALL-ALL-25' multiply defined.


LaTeX Warning: Label `table:nb-twitter-OSB3-ALL-ALL-50' multiply defined.


LaTeX Warning: Label `table:nb-twitter-OSB3-ALL-ALL-75' multiply defined.


LaTeX Warning: Label `table:nb-twitter-OSB3-ALL-ALL-150' multiply defined.

) (./appendixM.aux

LaTeX Warning: Label `table:liblinear-enron-GM1-ALL-ALL-5' multiply defined.


LaTeX Warning: Label `table:liblinear-enron-GM1-ALL-ALL-10' multiply defined.


LaTeX Warning: Label `table:liblinear-enron-GM1-ALL-ALL-25' multiply defined.


LaTeX Warning: Label `table:liblinear-enron-GM1-ALL-ALL-50' multiply defined.


LaTeX Warning: Label `table:liblinear-enron-GM1-ALL-ALL-75' multiply defined.


LaTeX Warning: Label `table:liblinear-enron-GM1-ALL-ALL-150' multiply defined.


LaTeX Warning: Label `table:liblinear-enron-GM2-ALL-ALL-5' multiply defined.


LaTeX Warning: Label `table:liblinear-enron-GM2-ALL-ALL-10' multiply defined.


LaTeX Warning: Label `table:liblinear-enron-GM2-ALL-ALL-25' multiply defined.


LaTeX Warning: Label `table:liblinear-enron-GM2-ALL-ALL-50' multiply defined.


LaTeX Warning: Label `table:liblinear-enron-GM2-ALL-ALL-75' multiply defined.


LaTeX Warning: Label `table:liblinear-enron-GM2-ALL-ALL-150' multiply defined.


LaTeX Warning: Label `table:liblinear-enron-GM5-ALL-ALL-5' multiply defined.


LaTeX Warning: Label `table:liblinear-enron-GM5-ALL-ALL-10' multiply defined.


LaTeX Warning: Label `table:liblinear-enron-GM5-ALL-ALL-25' multiply defined.


LaTeX Warning: Label `table:liblinear-enron-GM5-ALL-ALL-50' multiply defined.


LaTeX Warning: Label `table:liblinear-enron-GM5-ALL-ALL-75' multiply defined.


LaTeX Warning: Label `table:liblinear-enron-GB3-ALL-ALL-5' multiply defined.


LaTeX Warning: Label `table:liblinear-enron-GB3-ALL-ALL-10' multiply defined.


LaTeX Warning: Label `table:liblinear-enron-GB3-ALL-ALL-25' multiply defined.


LaTeX Warning: Label `table:liblinear-enron-GB3-ALL-ALL-50' multiply defined.


LaTeX Warning: Label `table:liblinear-enron-GB3-ALL-ALL-75' multiply defined.


LaTeX Warning: Label `table:liblinear-enron-OSB3-ALL-ALL-5' multiply defined.

) (./appendixN.aux

LaTeX Warning: Label `table:liblinear-twitter-GM1-ALL-ALL-5' multiply defined.


LaTeX Warning: Label `table:liblinear-twitter-GM1-ALL-ALL-10' multiply defined.



LaTeX Warning: Label `table:liblinear-twitter-GM1-ALL-ALL-25' multiply defined.



LaTeX Warning: Label `table:liblinear-twitter-GM1-ALL-ALL-50' multiply defined.



LaTeX Warning: Label `table:liblinear-twitter-GM1-ALL-ALL-75' multiply defined.



LaTeX Warning: Label `table:liblinear-twitter-GM1-ALL-ALL-150' multiply defined
.


LaTeX Warning: Label `table:liblinear-twitter-GM2-ALL-ALL-5' multiply defined.


LaTeX Warning: Label `table:liblinear-twitter-GM2-ALL-ALL-10' multiply defined.



LaTeX Warning: Label `table:liblinear-twitter-GM2-ALL-ALL-25' multiply defined.



LaTeX Warning: Label `table:liblinear-twitter-GM2-ALL-ALL-50' multiply defined.



LaTeX Warning: Label `table:liblinear-twitter-GM2-ALL-ALL-75' multiply defined.



LaTeX Warning: Label `table:liblinear-twitter-GM2-ALL-ALL-150' multiply defined
.


LaTeX Warning: Label `table:liblinear-twitter-GM5-ALL-ALL-5' multiply defined.


LaTeX Warning: Label `table:liblinear-twitter-GM5-ALL-ALL-10' multiply defined.



LaTeX Warning: Label `table:liblinear-twitter-GM5-ALL-ALL-25' multiply defined.



LaTeX Warning: Label `table:liblinear-twitter-GM5-ALL-ALL-50' multiply defined.



LaTeX Warning: Label `table:liblinear-twitter-GM5-ALL-ALL-75' multiply defined.



LaTeX Warning: Label `table:liblinear-twitter-GM5-ALL-ALL-150' multiply defined
.


LaTeX Warning: Label `table:liblinear-twitter-GB3-ALL-ALL-5' multiply defined.


LaTeX Warning: Label `table:liblinear-twitter-GB3-ALL-ALL-10' multiply defined.



LaTeX Warning: Label `table:liblinear-twitter-GB3-ALL-ALL-25' multiply defined.



LaTeX Warning: Label `table:liblinear-twitter-GB3-ALL-ALL-50' multiply defined.



LaTeX Warning: Label `table:liblinear-twitter-GB3-ALL-ALL-75' multiply defined.



LaTeX Warning: Label `table:liblinear-twitter-GB3-ALL-ALL-150' multiply defined
.


LaTeX Warning: Label `table:liblinear-twitter-OSB3-ALL-ALL-5' multiply defined.



LaTeX Warning: Label `table:liblinear-twitter-OSB3-ALL-ALL-10' multiply defined
.


LaTeX Warning: Label `table:liblinear-twitter-OSB3-ALL-ALL-25' multiply defined
.


LaTeX Warning: Label `table:liblinear-twitter-OSB3-ALL-ALL-50' multiply defined
.


LaTeX Warning: Label `table:liblinear-twitter-OSB3-ALL-ALL-75' multiply defined
.


LaTeX Warning: Label `table:liblinear-twitter-OSB3-ALL-ALL-150' multiply define
d.

) (./appendixO.aux

LaTeX Warning: Label `table:nb-enron-GM1-ALL-ALL-5' multiply defined.


LaTeX Warning: Label `table:nb-enron-GM1-ALL-ALL-10' multiply defined.


LaTeX Warning: Label `table:nb-enron-GM1-ALL-ALL-25' multiply defined.


LaTeX Warning: Label `table:nb-enron-GM1-ALL-ALL-50' multiply defined.


LaTeX Warning: Label `table:nb-enron-GM1-ALL-ALL-75' multiply defined.


LaTeX Warning: Label `table:nb-enron-GM1-ALL-ALL-150' multiply defined.


LaTeX Warning: Label `table:nb-enron-GM2-ALL-ALL-5' multiply defined.


LaTeX Warning: Label `table:nb-enron-GM2-ALL-ALL-10' multiply defined.


LaTeX Warning: Label `table:nb-enron-GM2-ALL-ALL-25' multiply defined.


LaTeX Warning: Label `table:nb-enron-GM2-ALL-ALL-50' multiply defined.


LaTeX Warning: Label `table:nb-enron-GM2-ALL-ALL-75' multiply defined.


LaTeX Warning: Label `table:nb-enron-GM2-ALL-ALL-150' multiply defined.


LaTeX Warning: Label `table:nb-enron-GM5-ALL-ALL-5' multiply defined.


LaTeX Warning: Label `table:nb-enron-GM5-ALL-ALL-10' multiply defined.


LaTeX Warning: Label `table:nb-enron-GM5-ALL-ALL-25' multiply defined.


LaTeX Warning: Label `table:nb-enron-GM5-ALL-ALL-50' multiply defined.


LaTeX Warning: Label `table:nb-enron-GM5-ALL-ALL-75' multiply defined.


LaTeX Warning: Label `table:nb-enron-GM5-ALL-ALL-150' multiply defined.


LaTeX Warning: Label `table:nb-enron-GB3-ALL-ALL-5' multiply defined.


LaTeX Warning: Label `table:nb-enron-GB3-ALL-ALL-10' multiply defined.


LaTeX Warning: Label `table:nb-enron-GB3-ALL-ALL-25' multiply defined.


LaTeX Warning: Label `table:nb-enron-GB3-ALL-ALL-50' multiply defined.


LaTeX Warning: Label `table:nb-enron-GB3-ALL-ALL-75' multiply defined.


LaTeX Warning: Label `table:nb-enron-GB3-ALL-ALL-150' multiply defined.


LaTeX Warning: Label `table:nb-enron-OSB3-ALL-ALL-5' multiply defined.


LaTeX Warning: Label `table:nb-enron-OSB3-ALL-ALL-10' multiply defined.


LaTeX Warning: Label `table:nb-enron-OSB3-ALL-ALL-25' multiply defined.


LaTeX Warning: Label `table:nb-enron-OSB3-ALL-ALL-50' multiply defined.


LaTeX Warning: Label `table:nb-enron-OSB3-ALL-ALL-75' multiply defined.


LaTeX Warning: Label `table:nb-enron-OSB3-ALL-ALL-150' multiply defined.

) (./appendixP.aux

LaTeX Warning: Label `table:nb-twitter-GM1-ALL-ALL-5' multiply defined.


LaTeX Warning: Label `table:nb-twitter-GM1-ALL-ALL-10' multiply defined.


LaTeX Warning: Label `table:nb-twitter-GM1-ALL-ALL-25' multiply defined.


LaTeX Warning: Label `table:nb-twitter-GM1-ALL-ALL-50' multiply defined.


LaTeX Warning: Label `table:nb-twitter-GM1-ALL-ALL-75' multiply defined.


LaTeX Warning: Label `table:nb-twitter-GM1-ALL-ALL-150' multiply defined.


LaTeX Warning: Label `table:nb-twitter-GM2-ALL-ALL-5' multiply defined.


LaTeX Warning: Label `table:nb-twitter-GM2-ALL-ALL-10' multiply defined.


LaTeX Warning: Label `table:nb-twitter-GM2-ALL-ALL-25' multiply defined.


LaTeX Warning: Label `table:nb-twitter-GM2-ALL-ALL-50' multiply defined.


LaTeX Warning: Label `table:nb-twitter-GM2-ALL-ALL-75' multiply defined.


LaTeX Warning: Label `table:nb-twitter-GM2-ALL-ALL-150' multiply defined.


LaTeX Warning: Label `table:nb-twitter-GM5-ALL-ALL-5' multiply defined.


LaTeX Warning: Label `table:nb-twitter-GM5-ALL-ALL-10' multiply defined.


LaTeX Warning: Label `table:nb-twitter-GM5-ALL-ALL-25' multiply defined.


LaTeX Warning: Label `table:nb-twitter-GM5-ALL-ALL-50' multiply defined.


LaTeX Warning: Label `table:nb-twitter-GM5-ALL-ALL-75' multiply defined.


LaTeX Warning: Label `table:nb-twitter-GM5-ALL-ALL-150' multiply defined.


LaTeX Warning: Label `table:nb-twitter-GB3-ALL-ALL-5' multiply defined.


LaTeX Warning: Label `table:nb-twitter-GB3-ALL-ALL-10' multiply defined.


LaTeX Warning: Label `table:nb-twitter-GB3-ALL-ALL-25' multiply defined.


LaTeX Warning: Label `table:nb-twitter-GB3-ALL-ALL-50' multiply defined.


LaTeX Warning: Label `table:nb-twitter-GB3-ALL-ALL-75' multiply defined.


LaTeX Warning: Label `table:nb-twitter-GB3-ALL-ALL-150' multiply defined.


LaTeX Warning: Label `table:nb-twitter-OSB3-ALL-ALL-5' multiply defined.


LaTeX Warning: Label `table:nb-twitter-OSB3-ALL-ALL-10' multiply defined.


LaTeX Warning: Label `table:nb-twitter-OSB3-ALL-ALL-25' multiply defined.


LaTeX Warning: Label `table:nb-twitter-OSB3-ALL-ALL-50' multiply defined.


LaTeX Warning: Label `table:nb-twitter-OSB3-ALL-ALL-75' multiply defined.


LaTeX Warning: Label `table:nb-twitter-OSB3-ALL-ALL-150' multiply defined.

))
\openout1 = `thesis.aux'.

LaTeX Font Info:    Checking defaults for OML/cmm/m/it on input line 92.
LaTeX Font Info:    ... okay on input line 92.
LaTeX Font Info:    Checking defaults for T1/cmr/m/n on input line 92.
LaTeX Font Info:    ... okay on input line 92.
LaTeX Font Info:    Checking defaults for OT1/cmr/m/n on input line 92.
LaTeX Font Info:    ... okay on input line 92.
LaTeX Font Info:    Checking defaults for OMS/cmsy/m/n on input line 92.
LaTeX Font Info:    ... okay on input line 92.
LaTeX Font Info:    Checking defaults for OMX/cmex/m/n on input line 92.
LaTeX Font Info:    ... okay on input line 92.
LaTeX Font Info:    Checking defaults for U/cmr/m/n on input line 92.
LaTeX Font Info:    ... okay on input line 92.

*geometry auto-detecting driver*
*geometry detected driver: pdftex*
-------------------- Geometry parameters
paper: letterpaper
landscape: --
twocolumn: --
twoside: true
asymmetric: --
h-parts: 79.49744pt, 455.30013pt, 79.49744pt
v-parts: 72.26999pt, 614.295pt, 108.405pt
hmarginratio: --
vmarginratio: --
lines: --
heightrounded: --
bindingoffset: 0.0pt
truedimen: --
includehead: --
includefoot: --
includemp: --
driver: pdftex
-------------------- Page layout dimensions and switches
\paperwidth  614.295pt
\paperheight 794.96999pt
\textwidth  455.30013pt
\textheight 614.295pt
\oddsidemargin  7.22745pt
\evensidemargin 7.22745pt
\topmargin  -37.0pt
\headheight 12.0pt
\headsep    25.0pt
\footskip   36.135pt
\marginparwidth 95.0pt
\marginparsep   10.0pt
\columnsep  10.0pt
\skip\footins  10.8pt plus 4.0pt minus 2.0pt
\hoffset 0.0pt
\voffset 0.0pt
\mag 1000
\@twosidetrue \@mparswitchtrue 
(1in=72.27pt, 1cm=28.45pt)
-----------------------
(/usr/share/texmf-texlive/tex/context/base/supp-pdf.mkii
[Loading MPS to PDF converter (version 2006.09.02).]
\scratchcounter=\count123
\scratchdimen=\dimen139
\scratchbox=\box57
\nofMPsegments=\count124
\nofMParguments=\count125
\everyMPshowfont=\toks25
\MPscratchCnt=\count126
\MPscratchDim=\dimen140
\MPnumerator=\count127
\everyMPtoPDFconversion=\toks26
) ABD: EveryShipout initializing macros
LaTeX Font Info:    Font shape `OT1/ptm/bx/n' in size <12> not available
(Font)              Font shape `OT1/ptm/b/n' tried instead on input line 94.

<nps_logo_3clr_cymk.pdf, id=1, 222.8325pt x 153.57375pt>
File: nps_logo_3clr_cymk.pdf Graphic file (type pdf)

<use nps_logo_3clr_cymk.pdf>
LaTeX Font Info:    Font shape `OT1/ptm/bx/n' in size <24.88> not available
(Font)              Font shape `OT1/ptm/b/n' tried instead on input line 94.
LaTeX Font Info:    Font shape `OT1/ptm/bx/n' in size <14.4> not available
(Font)              Font shape `OT1/ptm/b/n' tried instead on input line 94.
 (/usr/share/texmf-texlive/tex/latex/base/ulasy.fd)
LaTeX Font Info:    Font shape `OT1/ptm/bx/n' in size <10.95> not available
(Font)              Font shape `OT1/ptm/b/n' tried instead on input line 94.
[1.1

{/var/lib/texmf/fonts/map/pdftex/updmap/pdftex.map} <./nps_logo_3clr_cymk.pdf>]
 [2.2

]
Overfull \hbox (51.98967pt too wide) in paragraph at lines 95--95
$[]$ 
 []

LaTeX Font Info:    Font shape `OT1/ptm/bx/n' in size <10> not available
(Font)              Font shape `OT1/ptm/b/n' tried instead on input line 95.

Overfull \hbox (51.98967pt too wide) in paragraph at lines 95--95
$[]$ 
 []


Overfull \hbox (52.94322pt too wide) in paragraph at lines 95--95
$[]$ 
 []

[1.3] [2.4]

Package Fancyhdr Warning: \headheight is too small (12.0pt): 
 Make it at least 14.49998pt.
 We now make it that large for the rest of the document.
 This may cause the page layout to be inconsistent, however.

[3.5] [4.6

] [5.7] [6.8

] (./thesis.toc
Overfull \hbox (10.86407pt too wide) in paragraph at lines 135--135
 []|| []\OT1/ptm/m/n/12 Most Ef-fec-tive Com-bi-na-tion of Clas-si-fi-ca-tion M
eth-ods, Fea-ture Types, and Vocabulary| 
 []

[7.9

] [8.10])
\tf@toc=\write4
\openout4 = `thesis.toc'.

 [9.11] [10.12

] (./thesis.lof)
\tf@lof=\write5
\openout5 = `thesis.lof'.

 [11.13

] [12.14

] (./thesis.lot
[13.15

]
Underfull \vbox (badness 10000) has occurred while \output is active []

 [14.16]
Underfull \vbox (badness 10000) has occurred while \output is active []

 [15.17]
[16.18]
Underfull \vbox (badness 10000) has occurred while \output is active []

 [17.19]
Underfull \vbox (badness 10000) has occurred while \output is active []

 [18.20]
Underfull \vbox (badness 10000) has occurred while \output is active []

 [19.21]
Underfull \vbox (badness 10000) has occurred while \output is active []

 [20.22]
[21.23]
Underfull \vbox (badness 10000) has occurred while \output is active []

 [22.24]
Underfull \vbox (badness 10000) has occurred while \output is active []

 [23.25]
Underfull \vbox (badness 10000) has occurred while \output is active []

 [24.26]
Underfull \vbox (badness 10000) has occurred while \output is active []

 [25.27]
Underfull \vbox (badness 10000) has occurred while \output is active []

 [26.28]
[27.29]
Underfull \vbox (badness 10000) has occurred while \output is active []

 [28.30]
Underfull \vbox (badness 10000) has occurred while \output is active []

 [29.31]
Underfull \vbox (badness 10000) has occurred while \output is active []

 [30.32]
Underfull \vbox (badness 10000) has occurred while \output is active []

 [31.33])
\tf@lot=\write6
\openout6 = `thesis.lot'.


[32.34] [33.35


] [34.36

]
\openout2 = `chapter1.aux'.

 (./chapter1.tex
Chapter 1.
) [1.37


]
\openout2 = `chapter2.aux'.

 (./chapter2.tex [2.38



]
Chapter 2.
LaTeX Font Info:    Font shape `OT1/ptm/bx/n' in size <17.28> not available
(Font)              Font shape `OT1/ptm/b/n' tried instead on input line 3.
[3.39] [4.40]
Underfull \vbox (badness 10000) has occurred while \output is active []

 [5.41]
[6.42] [7.43] [8.44] [9.45]

LaTeX Warning: `h' float specifier changed to `ht'.


LaTeX Warning: `h' float specifier changed to `ht'.

[10.46]

LaTeX Warning: `h' float specifier changed to `ht'.


LaTeX Warning: `h' float specifier changed to `ht'.

[11.47]

LaTeX Warning: `h' float specifier changed to `ht'.


LaTeX Warning: `h' float specifier changed to `ht'.

[12.48] [13.49]

LaTeX Warning: `h' float specifier changed to `ht'.

[14.50] [15.51] [16.52] [17.53] [18.54] [19.55] [20.56] [21.57]
Underfull \vbox (badness 2626) has occurred while \output is active []

 [22.58]

LaTeX Warning: Citation `_method_????' on page 23 undefined on input line 328.

) [23.59]
\openout2 = `chapter3.aux'.

 (./chapter3.tex [24.60



]
Chapter 3.
[25.61] <Experiment_Design.pdf, id=215, 614.295pt x 578.16pt>
File: Experiment_Design.pdf Graphic file (type pdf)

<use Experiment_Design.pdf> [26.62 <./Experiment_Design.pdf>] [27.63]
<3_tier_explanation.pdf, id=228, 460.72125pt x 244.915pt>
File: 3_tier_explanation.pdf Graphic file (type pdf)

<use 3_tier_explanation.pdf>
<3_tier_example.pdf, id=229, 532.99126pt x 450.68375pt>
File: 3_tier_example.pdf Graphic file (type pdf)

<use 3_tier_example.pdf> [28.64 <./3_tier_explanation.pdf>]
<cmph_matrix.pdf, id=240, 473.77pt x 754.82pt>
File: cmph_matrix.pdf Graphic file (type pdf)
 <use cmph_matrix.pdf> [29.65 <./3_tier_example.pdf>] [30.66 <./cmph_matrix.pdf
>] [31.67]
<small_to_large_grouping.pdf, id=263, 542.025pt x 361.35pt>
File: small_to_large_grouping.pdf Graphic file (type pdf)

<use small_to_large_grouping.pdf> [32.68 <./small_to_large_grouping.pdf>]
<small_and_large_grouping.pdf, id=273, 542.025pt x 361.35pt>
File: small_and_large_grouping.pdf Graphic file (type pdf)

<use small_and_large_grouping.pdf>
<random_grouping.pdf, id=274, 542.025pt x 361.35pt>
File: random_grouping.pdf Graphic file (type pdf)
 <use random_grouping.pdf>
[33.69 <./small_and_large_grouping.pdf>]
<svm_format.pdf, id=284, 624.3325pt x 88.33pt>
File: svm_format.pdf Graphic file (type pdf)
 <use svm_format.pdf> [34.70 <./random_grouping.pdf>] [35.71 <./svm_format.pdf>
]
<prediction_flow_chart.pdf, id=303, 614.295pt x 794.97pt>
File: prediction_flow_chart.pdf Graphic file (type pdf)

<use prediction_flow_chart.pdf> [36.72] [37.73 <./prediction_flow_chart.pdf>])
[38.74]
\openout2 = `chapter4.aux'.

 (./chapter4.tex
Chapter 4.
[39.75



]
Overfull \hbox (0.35117pt too wide) in paragraph at lines 27--27
 |[]\OT1/ptm/b/n/17.28 Classification Ef-fec-tive-ness Ver-sus Stor-age Re-quir
e-ments| 
 []

) [40.76]
\openout2 = `chapter5.aux'.

 (./chapter5.tex
Chapter 5.
) [41.77



] (./thesis.bbl [42.78


]
LaTeX Font Info:    Font shape `OT1/phv/bx/n' in size <20.74> not available
(Font)              Font shape `OT1/phv/b/n' tried instead on input line 2.
Missing character: There is no â in font ptmr7t!
Missing character: There is no € in font ptmr7t!
Missing character: There is no “ in font ptmr7t!
 [43.79]
Overfull \hbox (90.80879pt too wide) in paragraph at lines 109--115
\OT1/ptm/m/n/12 http://developer.apple.com/library/ios/#referencelibrary/Gettin
gStarted/Creating[]an[]iPhone[]App/index.html. 
 []

LaTeX Font Info:    Try loading font information for OMS+ptm on input line 128.

(/usr/share/texmf-texlive/tex/latex/psnfss/omsptm.fd
File: omsptm.fd 
)
LaTeX Font Info:    Font shape `OMS/ptm/m/n' in size <12> not available
(Font)              Font shape `OMS/cmsy/m/n' tried instead on input line 128.
Missing character: There is no â in font ptmr7t!
Missing character: There is no € in font ptmr7t!
Missing character: There is no “ in font ptmr7t!
) [44.80]
\openout2 = `appendixA.aux'.

 (./appendixA.tex
Appendix A.
[45.81


] [46.82] [47.83]
Overfull \vbox (14.49998pt too high) detected at line 358
 []

[48.84] [49.85]
Overfull \vbox (14.49998pt too high) detected at line 500
 []


Overfull \vbox (14.49998pt too high) detected at line 518
 []


Overfull \vbox (14.49998pt too high) detected at line 536
 []


Overfull \vbox (14.49998pt too high) detected at line 554
 []

) [50.86] [51.87] [52.88] [53.89] [54.90]
\openout2 = `appendixB.aux'.

 (./appendixB.tex
Appendix B.
[55.91



] [56.92]
Overfull \vbox (14.49998pt too high) detected at line 335
 []

[57.93]
Overfull \vbox (14.49998pt too high) detected at line 353
 []


Overfull \vbox (14.49998pt too high) detected at line 371
 []

[58.94] [59.95]
Overfull \vbox (14.49998pt too high) detected at line 492
 []


Overfull \vbox (14.49998pt too high) detected at line 551
 []

[60.96]
Overfull \vbox (14.49998pt too high) detected at line 569
 []


Overfull \vbox (14.49998pt too high) detected at line 587
 []


Overfull \vbox (14.49998pt too high) detected at line 605
 []

) [61.97] [62.98] [63.99] [64.100] [65.101]
\openout2 = `appendixC.aux'.

 (./appendixC.tex [66.102



]
Appendix C.
[67.103] [68.104] [69.105] [70.106] [71.107]) [72.108] [73.109] [74.110]
[75.111] [76.112] [77.113] [78.114]
\openout2 = `appendixD.aux'.

 (./appendixD.tex
Appendix D.
[79.115



] [80.116] [81.117] [82.118] [83.119]) [84.120] [85.121] [86.122]
[87.123] [88.124] [89.125] [90.126]
\openout2 = `appendixE.aux'.

 (./appendixE.tex
Appendix E.
[91.127



]
Overfull \hbox (0.83179pt too wide) in paragraph at lines 175--203
[][] 
 []

[92.128] [93.129] [94.130] [95.131]) [96.132] [97.133] [98.134] [99.135]
[100.136] [101.137] [102.138] [103.139] [104.140] [105.141] [106.142] [107.143]
[108.144] [109.145] [110.146] [111.147] [112.148] [113.149] [114.150]
\openout2 = `appendixF.aux'.


(./appendixF.tex
Appendix F.
[115.151



]
Overfull \hbox (0.83179pt too wide) in paragraph at lines 175--203
[][] 
 []

[116.152] [117.153] [118.154] [119.155]) [120.156] [121.157] [122.158] [123.159
] [124.160] [125.161] [126.162] [127.163] [128.164] [129.165] [130.166]
[131.167] [132.168] [133.169] [134.170] [135.171] [136.172] [137.173] [138.174]
\openout2 = `appendixG.aux'.

(./appendixG.tex
Appendix G.
[139.175



]
Overfull \hbox (0.83179pt too wide) in paragraph at lines 175--203
[][] 
 []


Overfull \hbox (0.83179pt too wide) in paragraph at lines 379--407
[][] 
 []

[140.176]
Overfull \hbox (0.83179pt too wide) in paragraph at lines 583--611
[][] 
 []

[141.177]
Overfull \hbox (0.83179pt too wide) in paragraph at lines 787--815
[][] 
 []

[142.178]
Overfull \hbox (0.83179pt too wide) in paragraph at lines 985--1013
[][] 
 []

[143.179]) [144.180] [145.181] [146.182] [147.183] [148.184] [149.185] [150.186
] [151.187] [152.188] [153.189] [154.190] [155.191] [156.192] [157.193]
[158.194] [159.195] [160.196] [161.197] [162.198] [163.199] [164.200] [165.201]
[166.202] [167.203] [168.204]
\openout2 = `appendixH.aux'.

 (./appendixH.tex
Appendix H.
[169.205



]
Overfull \hbox (0.83179pt too wide) in paragraph at lines 175--203
[][] 
 []


Overfull \hbox (0.83179pt too wide) in paragraph at lines 379--407
[][] 
 []

[170.206]
Overfull \hbox (0.83179pt too wide) in paragraph at lines 583--611
[][] 
 []

[171.207]
Overfull \hbox (0.83179pt too wide) in paragraph at lines 787--815
[][] 
 []

[172.208]
Overfull \hbox (0.83179pt too wide) in paragraph at lines 991--1019
[][] 
 []

[173.209]) [174.210] [175.211] [176.212] [177.213] [178.214] [179.215] [180.216
] [181.217] [182.218] [183.219] [184.220] [185.221] [186.222] [187.223]
[188.224] [189.225] [190.226] [191.227] [192.228] [193.229] [194.230] [195.231]
[196.232] [197.233] [198.234]
\openout2 = `appendixI.aux'.

 (./appendixI.tex
Appendix I.
[199.235



] [200.236]
Overfull \vbox (14.49998pt too high) detected at line 340
 []

[201.237]
Overfull \vbox (14.49998pt too high) detected at line 475
 []

[202.238]
Overfull \vbox (14.49998pt too high) detected at line 492
 []


Overfull \vbox (14.49998pt too high) detected at line 509
 []


Overfull \vbox (14.49998pt too high) detected at line 526
 []

) [203.239] [204.240] [205.241] [206.242] [207.243]
\openout2 = `appendixJ.aux'.

 (./appendixJ.tex [208.244



]
Appendix J.
[209.245] [210.246]
Overfull \vbox (14.49998pt too high) detected at line 319
 []


Overfull \vbox (14.49998pt too high) detected at line 336
 []


Overfull \vbox (14.49998pt too high) detected at line 353
 []

[211.247]
Overfull \vbox (14.49998pt too high) detected at line 468
 []

[212.248]
Overfull \vbox (14.49998pt too high) detected at line 524
 []


Overfull \vbox (14.49998pt too high) detected at line 541
 []

[213.249]
Overfull \vbox (14.49998pt too high) detected at line 558
 []


Overfull \vbox (14.49998pt too high) detected at line 575
 []

) [214.250] [215.251] [216.252] [217.253] [218.254]
\openout2 = `appendixK.aux'.

 (./appendixK.tex
Appendix K.
[219.255



] [220.256] [221.257] [222.258] [223.259]) [224.260] [225.261] [226.262] [227.2
63] [228.264] [229.265] [230.266]
\openout2 = `appendixL.aux'.

 (./appendixL.tex
Appendix L.
[231.267



] [232.268] [233.269] [234.270] [235.271]) [236.272] [237.273] [238.274] [239.2
75] [240.276] [241.277] [242.278]
\openout2 = `appendixM.aux'.

 (./appendixM.tex
Appendix M.
[243.279



] [244.280] [245.281] [246.282]
Overfull \vbox (14.49998pt too high) detected at line 358
 []

[247.283]) [248.284] [249.285] [250.286] [251.287] [252.288]
\openout2 = `appendixN.aux'.

 (./appendixN.tex
Appendix N.
[253.289



] [254.290] [255.291] [256.292]
Overfull \vbox (14.49998pt too high) detected at line 335
 []


Overfull \vbox (14.49998pt too high) detected at line 353
 []


Overfull \vbox (14.49998pt too high) detected at line 371
 []

[257.293]
Overfull \vbox (14.49998pt too high) detected at line 492
 []


Overfull \vbox (14.49998pt too high) detected at line 551
 []


Overfull \vbox (14.49998pt too high) detected at line 569
 []

[258.294]
Overfull \vbox (14.49998pt too high) detected at line 587
 []


Overfull \vbox (14.49998pt too high) detected at line 605
 []

) [259.295] [260.296] [261.297] [262.298] [263.299] [264.300]
\openout2 = `appendixO.aux'.

 (./appendixO.tex
Appendix O.
[265.301



] [266.302] [267.303] [268.304] [269.305] [270.306]) [271.307] [272.308] [273.3
09] [274.310] [275.311] [276.312] [277.313] [278.314] [279.315]
\openout2 = `appendixP.aux'.


(./appendixP.tex [280.316



]
Appendix P.
[281.317] [282.318] [283.319] [284.320] [285.321] [286.322]) [287.323] [288.324
] [289.325] [290.326] [291.327] [292.328] [293.329] [294.330] [295.331]
[296.332


]
No file thesis.ain.
[297.333] [298.334

] [299.335] (./thesis.aux (./chapter1.aux) (./chapter2.aux)
(./chapter3.aux) (./chapter4.aux) (./chapter5.aux) (./appendixA.aux)
(./appendixB.aux) (./appendixC.aux) (./appendixD.aux) (./appendixE.aux)
(./appendixF.aux) (./appendixG.aux) (./appendixH.aux) (./appendixI.aux)
(./appendixJ.aux) (./appendixK.aux) (./appendixL.aux) (./appendixM.aux)
(./appendixN.aux) (./appendixO.aux) (./appendixP.aux))

LaTeX Warning: There were undefined references.


LaTeX Warning: There were multiply-defined labels.

 ) 
Here is how much of TeX's memory you used:
 5498 strings out of 495061
 74873 string characters out of 1182621
 564365 words of memory out of 3000000
 8368 multiletter control sequences out of 15000+50000
 43906 words of font info for 78 fonts, out of 3000000 for 9000
 28 hyphenation exceptions out of 8191
 35i,12n,45p,1422b,319s stack positions out of 5000i,500n,10000p,200000b,50000s
{/usr/share/texmf-texlive/fonts/enc/dvips/base/8r.enc}</usr/share/texmf-texli
ve/fonts/type1/public/amsfonts/cm/cmbx12.pfb></usr/share/texmf-texlive/fonts/ty
pe1/public/amsfonts/cm/cmbx8.pfb></usr/share/texmf-texlive/fonts/type1/public/a
msfonts/cm/cmex10.pfb></usr/share/texmf-texlive/fonts/type1/public/amsfonts/cm/
cmmi12.pfb></usr/share/texmf-texlive/fonts/type1/public/amsfonts/cm/cmmi6.pfb><
/usr/share/texmf-texlive/fonts/type1/public/amsfonts/cm/cmmi8.pfb></usr/share/t
exmf-texlive/fonts/type1/public/amsfonts/cm/cmr12.pfb></usr/share/texmf-texlive
/fonts/type1/public/amsfonts/cm/cmr6.pfb></usr/share/texmf-texlive/fonts/type1/
public/amsfonts/cm/cmr8.pfb></usr/share/texmf-texlive/fonts/type1/public/amsfon
ts/cm/cmsy10.pfb></usr/share/texmf-texlive/fonts/type1/public/amsfonts/cm/cmsy8
.pfb></usr/share/texmf-texlive/fonts/type1/urw/helvetic/uhvb8a.pfb></usr/share/
texmf-texlive/fonts/type1/urw/helvetic/uhvr8a.pfb></usr/share/texmf-texlive/fon
ts/type1/urw/helvetic/uhvro8a.pfb></usr/share/texmf-texlive/fonts/type1/urw/tim
es/utmb8a.pfb></usr/share/texmf-texlive/fonts/type1/urw/times/utmr8a.pfb></usr/
share/texmf-texlive/fonts/type1/urw/times/utmri8a.pfb>
Output written on thesis.pdf (335 pages, 1294314 bytes).
PDF statistics:
 1213 PDF objects out of 1440 (max. 8388607)
 0 named destinations out of 1000 (max. 500000)
 51 words of extra memory for PDF output out of 10000 (max. 10000000)

